<?xml version="1.0" encoding="UTF-8"?>
<testsuites name="jest tests" tests="1" failures="0" errors="0" time="2.264">
  <testsuite name="test/launchBrowser.spec.ts" errors="0" failures="0" skipped="0" timestamp="2023-01-19T18:09:31" time="1.785" tests="1">
    <testcase classname="Launch Browser-Home Page" name="Launch Browser-Home Page" time="0.035">
    </testcase>
  </testsuite>
</testsuites>